Arguments: 
  /usr/local/Cellar/node/17.0.1/bin/node /usr/local/Cellar/yarn/1.22.17/libexec/bin/yarn.js init

PATH: 
  ~/argocd/bin:/Users/morinagamasahiro/.pyenv/bin:/usr/local/bin:/usr/local/opt/imagemagick@6/bin:/usr/local/opt/openssl@1.1/bin:/usr/local/opt/v8@3.15/bin:/usr/local/opt/mysql@5.7/bin:/Users/morinagamasahiro/.goenv/shims:/Users/morinagamasahiro/.goenv/bin:/usr/local/opt/imagemagick@6/bin:/Users/morinagamasahiro/.ndenv/bin:/Users/morinagamasahiro/.rbenv/shims:/Users/morinagamasahiro/.rbenv/bin:/Users/morinagamasahiro/google-cloud-sdk/bin:/usr/local/opt/imagemagick@6/bin:/usr/local/opt/openssl@1.1/bin:/usr/local/opt/v8@3.15/bin:/usr/local/opt/mysql@5.7/bin:/Users/morinagamasahiro/.goenv/shims:/Users/morinagamasahiro/.goenv/bin:/usr/local/opt/imagemagick@6/bin:/Users/morinagamasahiro/.ndenv/bin:/Users/morinagamasahiro/.rbenv/shims:/Users/morinagamasahiro/.rbenv/bin:/Users/morinagamasahiro/google-cloud-sdk/bin:/usr/local/opt/imagemagick@6/bin:/usr/local/opt/openssl@1.1/bin:/usr/local/opt/v8@3.15/bin:/usr/local/opt/mysql@5.7/bin:/Users/morinagamasahiro/.goenv/shims:/Users/morinagamasahiro/.goenv/bin:/usr/local/opt/imagemagick@6/bin:/Users/morinagamasahiro/.ndenv/shims:/Users/morinagamasahiro/.ndenv/bin:/Users/morinagamasahiro/.rbenv/shims:/Users/morinagamasahiro/.rbenv/bin:/Users/morinagamasahiro/google-cloud-sdk/bin:/Library/Frameworks/Python.framework/Versions/3.8/bin:/opt/homebrew/bin:/usr/local/opt:/usr/local/bin:/usr/bin:/bin:/usr/sbin:/sbin:/usr/local/go/bin:/Library/Apple/usr/bin:/Users/morinagamasahiro/Desktop/Flutter/flutter/bin:/Users/morinagamasahiro/Desktop/Flutter/flutter/bin:/Users/morinagamasahiro/Desktop/Flutter/flutter/bin:/Library/Java/JavaVirtualMachines/adoptopenjdk-11.jdk/Contents/Home/bin

Yarn version: 
  1.22.17

Node version: 
  17.0.1

Platform: 
  darwin x64

Trace: 
  Error: canceled
      at Interface.<anonymous> (/usr/local/Cellar/yarn/1.22.17/libexec/lib/cli.js:137143:13)
      at Interface.emit (node:events:390:28)
      at Interface.[_ttyWrite] [as _ttyWrite] (node:internal/readline/interface:973:18)
      at ReadStream.onkeypress (node:internal/readline/interface:240:20)
      at ReadStream.emit (node:events:390:28)
      at emitKeys (node:internal/readline/utils:358:14)
      at emitKeys.next (<anonymous>)
      at ReadStream.onData (node:internal/readline/emitKeypressEvents:64:36)
      at ReadStream.emit (node:events:390:28)
      at addChunk (node:internal/streams/readable:324:12)

npm manifest: 
  No manifest

yarn manifest: 
  No manifest

Lockfile: 
  No lockfile
